<?xml version="1.0" encoding="UTF-8"?>
<coverage generated="1665217305535" clover="3.2.0">
  <project timestamp="1665217305535" name="All files">
    <metrics statements="209" coveredstatements="195" conditionals="118" coveredconditionals="99" methods="54" coveredmethods="49" elements="381" coveredelements="343" complexity="0" loc="209" ncloc="209" packages="4" files="6" classes="6"/>
    <package name="src">
      <metrics statements="37" coveredstatements="31" conditionals="8" coveredconditionals="6" methods="14" coveredmethods="9"/>
      <file name="App.js" path="C:\Users\rteja\OneDrive\Desktop\MS\Sem3\Software Systems\Individual Project\Development\planarpuzzle\src\App.js">
        <metrics statements="36" coveredstatements="30" conditionals="8" coveredconditionals="6" methods="14" coveredmethods="9"/>
        <line num="9" count="1" type="stmt"/>
        <line num="10" count="1" type="stmt"/>
        <line num="11" count="1" type="stmt"/>
        <line num="13" count="1" type="stmt"/>
        <line num="17" count="10" type="stmt"/>
        <line num="19" count="10" type="stmt"/>
        <line num="20" count="10" type="stmt"/>
        <line num="22" count="10" type="stmt"/>
        <line num="23" count="10" type="stmt"/>
        <line num="26" count="10" type="stmt"/>
        <line num="27" count="1" type="stmt"/>
        <line num="28" count="1" type="stmt"/>
        <line num="31" count="10" type="stmt"/>
        <line num="32" count="0" type="stmt"/>
        <line num="33" count="0" type="stmt"/>
        <line num="36" count="10" type="stmt"/>
        <line num="37" count="3" type="cond" truecount="2" falsecount="0"/>
        <line num="38" count="1" type="stmt"/>
        <line num="40" count="2" type="cond" truecount="2" falsecount="0"/>
        <line num="41" count="1" type="stmt"/>
        <line num="43" count="1" type="cond" truecount="1" falsecount="1"/>
        <line num="44" count="1" type="stmt"/>
        <line num="47" count="3" type="stmt"/>
        <line num="48" count="3" type="stmt"/>
        <line num="51" count="10" type="stmt"/>
        <line num="52" count="1" type="stmt"/>
        <line num="53" count="1" type="stmt"/>
        <line num="56" count="10" type="stmt"/>
        <line num="70" count="1" type="stmt"/>
        <line num="71" count="1" type="stmt"/>
        <line num="72" count="1" type="stmt"/>
        <line num="74" count="0" type="stmt"/>
        <line num="75" count="0" type="stmt"/>
        <line num="76" count="0" type="stmt"/>
        <line num="77" count="0" type="stmt"/>
        <line num="79" count="1" type="stmt"/>
      </file>
      <file name="Layout.js" path="C:\Users\rteja\OneDrive\Desktop\MS\Sem3\Software Systems\Individual Project\Development\planarpuzzle\src\Layout.js">
        <metrics statements="1" coveredstatements="1" conditionals="0" coveredconditionals="0" methods="0" coveredmethods="0"/>
        <line num="1" count="1" type="stmt"/>
      </file>
    </package>
    <package name="src.boundary">
      <metrics statements="25" coveredstatements="22" conditionals="12" coveredconditionals="10" methods="6" coveredmethods="6"/>
      <file name="Boundary.js" path="C:\Users\rteja\OneDrive\Desktop\MS\Sem3\Software Systems\Individual Project\Development\planarpuzzle\src\boundary\Boundary.js">
        <metrics statements="25" coveredstatements="22" conditionals="12" coveredconditionals="10" methods="6" coveredmethods="6"/>
        <line num="1" count="1" type="stmt"/>
        <line num="2" count="1" type="stmt"/>
        <line num="6" count="329" type="stmt"/>
        <line num="7" count="329" type="stmt"/>
        <line num="8" count="329" type="stmt"/>
        <line num="9" count="329" type="stmt"/>
        <line num="13" count="1" type="cond" truecount="4" falsecount="0"/>
        <line num="18" count="329" type="stmt"/>
        <line num="24" count="10" type="stmt"/>
        <line num="25" count="10" type="stmt"/>
        <line num="27" count="10" type="stmt"/>
        <line num="28" count="328" type="stmt"/>
        <line num="30" count="328" type="cond" truecount="2" falsecount="0"/>
        <line num="31" count="1" type="stmt"/>
        <line num="33" count="327" type="stmt"/>
        <line num="36" count="328" type="stmt"/>
        <line num="37" count="328" type="stmt"/>
        <line num="39" count="328" type="cond" truecount="3" falsecount="1"/>
        <line num="40" count="0" type="stmt"/>
        <line num="41" count="0" type="stmt"/>
        <line num="42" count="0" type="stmt"/>
        <line num="49" count="10" type="stmt"/>
        <line num="50" count="10" type="stmt"/>
        <line num="52" count="10" type="cond" truecount="1" falsecount="1"/>
        <line num="53" count="10" type="stmt"/>
      </file>
    </package>
    <package name="src.controller">
      <metrics statements="24" coveredstatements="20" conditionals="12" coveredconditionals="8" methods="5" coveredmethods="5"/>
      <file name="Controllers.js" path="C:\Users\rteja\OneDrive\Desktop\MS\Sem3\Software Systems\Individual Project\Development\planarpuzzle\src\controller\Controllers.js">
        <metrics statements="24" coveredstatements="20" conditionals="12" coveredconditionals="8" methods="5" coveredmethods="5"/>
        <line num="5" count="4" type="stmt"/>
        <line num="9" count="1" type="stmt"/>
        <line num="11" count="1" type="stmt"/>
        <line num="12" count="1" type="stmt"/>
        <line num="13" count="1" type="stmt"/>
        <line num="16" count="1" type="stmt"/>
        <line num="17" count="1" type="cond" truecount="1" falsecount="1"/>
        <line num="18" count="1" type="stmt"/>
        <line num="21" count="1" type="cond" truecount="3" falsecount="1"/>
        <line num="22" count="1" type="stmt"/>
        <line num="23" count="1" type="stmt"/>
        <line num="25" count="0" type="stmt"/>
        <line num="30" count="1" type="stmt"/>
        <line num="31" count="1" type="cond" truecount="1" falsecount="1"/>
        <line num="33" count="1" type="stmt"/>
        <line num="35" count="1" type="stmt"/>
        <line num="36" count="2" type="cond" truecount="3" falsecount="1"/>
        <line num="37" count="0" type="stmt"/>
        <line num="38" count="0" type="stmt"/>
        <line num="39" count="0" type="stmt"/>
        <line num="42" count="1" type="stmt"/>
        <line num="43" count="1" type="stmt"/>
        <line num="44" count="1" type="stmt"/>
        <line num="48" count="2" type="stmt"/>
      </file>
    </package>
    <package name="src.model">
      <metrics statements="123" coveredstatements="122" conditionals="86" coveredconditionals="75" methods="29" coveredmethods="29"/>
      <file name="Configurations.js" path="C:\Users\rteja\OneDrive\Desktop\MS\Sem3\Software Systems\Individual Project\Development\planarpuzzle\src\model\Configurations.js">
        <metrics statements="3" coveredstatements="3" conditionals="0" coveredconditionals="0" methods="0" coveredmethods="0"/>
        <line num="1" count="1" type="stmt"/>
        <line num="16" count="1" type="stmt"/>
        <line num="35" count="1" type="stmt"/>
      </file>
      <file name="Model.js" path="C:\Users\rteja\OneDrive\Desktop\MS\Sem3\Software Systems\Individual Project\Development\planarpuzzle\src\model\Model.js">
        <metrics statements="120" coveredstatements="119" conditionals="86" coveredconditionals="75" methods="29" coveredmethods="29"/>
        <line num="3" count="319" type="stmt"/>
        <line num="4" count="319" type="stmt"/>
        <line num="10" count="1704" type="stmt"/>
        <line num="11" count="1704" type="stmt"/>
        <line num="12" count="1704" type="cond" truecount="2" falsecount="0"/>
        <line num="13" count="1704" type="cond" truecount="2" falsecount="0"/>
        <line num="17" count="888" type="stmt"/>
        <line num="18" count="888" type="stmt"/>
        <line num="22" count="71" type="stmt"/>
        <line num="26" count="888" type="stmt"/>
        <line num="27" count="888" type="stmt"/>
        <line num="28" count="888" type="stmt"/>
        <line num="34" count="25" type="stmt"/>
        <line num="35" count="25" type="stmt"/>
        <line num="36" count="25" type="stmt"/>
        <line num="37" count="25" type="stmt"/>
        <line num="38" count="25" type="stmt"/>
        <line num="39" count="25" type="stmt"/>
        <line num="40" count="25" type="stmt"/>
        <line num="44" count="728" type="stmt"/>
        <line num="48" count="2" type="cond" truecount="1" falsecount="1"/>
        <line num="49" count="2" type="cond" truecount="1" falsecount="1"/>
        <line num="50" count="2" type="cond" truecount="1" falsecount="1"/>
        <line num="52" count="2" type="stmt"/>
        <line num="56" count="2" type="cond" truecount="1" falsecount="1"/>
        <line num="58" count="2" type="stmt"/>
        <line num="59" count="2" type="stmt"/>
        <line num="60" count="64" type="cond" truecount="3" falsecount="1"/>
        <line num="61" count="64" type="cond" truecount="2" falsecount="0"/>
        <line num="62" count="2" type="stmt"/>
        <line num="68" count="2" type="stmt"/>
        <line num="69" count="2" type="stmt"/>
        <line num="70" count="2" type="stmt"/>
        <line num="73" count="2" type="stmt"/>
        <line num="74" count="64" type="cond" truecount="3" falsecount="1"/>
        <line num="76" count="64" type="stmt"/>
        <line num="78" count="64" type="cond" truecount="3" falsecount="1"/>
        <line num="79" count="0" type="stmt"/>
        <line num="86" count="2" type="cond" truecount="1" falsecount="1"/>
        <line num="88" count="2" type="stmt"/>
        <line num="92" count="71" type="stmt"/>
        <line num="93" count="71" type="stmt"/>
        <line num="94" count="71" type="stmt"/>
        <line num="97" count="71" type="cond" truecount="2" falsecount="0"/>
        <line num="98" count="57" type="stmt"/>
        <line num="99" count="57" type="stmt"/>
        <line num="100" count="1824" type="cond" truecount="4" falsecount="0"/>
        <line num="101" count="57" type="stmt"/>
        <line num="106" count="71" type="cond" truecount="4" falsecount="0"/>
        <line num="107" count="56" type="stmt"/>
        <line num="110" count="71" type="stmt"/>
        <line num="111" count="71" type="cond" truecount="1" falsecount="1"/>
        <line num="112" count="71" type="stmt"/>
        <line num="113" count="71" type="stmt"/>
        <line num="114" count="2400" type="cond" truecount="4" falsecount="0"/>
        <line num="115" count="63" type="stmt"/>
        <line num="120" count="71" type="cond" truecount="4" falsecount="0"/>
        <line num="121" count="58" type="stmt"/>
        <line num="124" count="71" type="stmt"/>
        <line num="125" count="71" type="cond" truecount="2" falsecount="0"/>
        <line num="126" count="49" type="stmt"/>
        <line num="127" count="49" type="stmt"/>
        <line num="128" count="1568" type="cond" truecount="4" falsecount="0"/>
        <line num="129" count="49" type="stmt"/>
        <line num="134" count="71" type="cond" truecount="4" falsecount="0"/>
        <line num="135" count="49" type="stmt"/>
        <line num="138" count="71" type="stmt"/>
        <line num="139" count="71" type="cond" truecount="1" falsecount="1"/>
        <line num="140" count="71" type="stmt"/>
        <line num="141" count="71" type="stmt"/>
        <line num="142" count="2400" type="cond" truecount="4" falsecount="0"/>
        <line num="143" count="55" type="stmt"/>
        <line num="148" count="71" type="cond" truecount="4" falsecount="0"/>
        <line num="149" count="49" type="stmt"/>
        <line num="153" count="71" type="stmt"/>
        <line num="157" count="7" type="stmt"/>
        <line num="158" count="7" type="stmt"/>
        <line num="159" count="224" type="cond" truecount="2" falsecount="0"/>
        <line num="160" count="130" type="stmt"/>
        <line num="163" count="7" type="stmt"/>
        <line num="167" count="4" type="stmt"/>
        <line num="168" count="4" type="stmt"/>
        <line num="169" count="4" type="stmt"/>
        <line num="170" count="160" type="stmt"/>
        <line num="171" count="160" type="stmt"/>
        <line num="172" count="160" type="cond" truecount="2" falsecount="0"/>
        <line num="173" count="2" type="stmt"/>
        <line num="176" count="4" type="stmt"/>
        <line num="182" count="20" type="stmt"/>
        <line num="183" count="20" type="stmt"/>
        <line num="187" count="21" type="stmt"/>
        <line num="188" count="21" type="stmt"/>
        <line num="189" count="21" type="stmt"/>
        <line num="191" count="21" type="stmt"/>
        <line num="193" count="21" type="stmt"/>
        <line num="194" count="94" type="stmt"/>
        <line num="196" count="3812" type="cond" truecount="2" falsecount="0"/>
        <line num="197" count="696" type="cond" truecount="2" falsecount="0"/>
        <line num="199" count="696" type="stmt"/>
        <line num="200" count="696" type="cond" truecount="2" falsecount="0"/>
        <line num="201" count="112" type="stmt"/>
        <line num="202" count="584" type="cond" truecount="2" falsecount="0"/>
        <line num="203" count="8" type="stmt"/>
        <line num="205" count="696" type="stmt"/>
        <line num="209" count="21" type="stmt"/>
        <line num="210" count="21" type="stmt"/>
        <line num="214" count="41" type="cond" truecount="2" falsecount="0"/>
        <line num="216" count="5" type="stmt"/>
        <line num="217" count="5" type="stmt"/>
        <line num="219" count="5" type="stmt"/>
        <line num="220" count="1" type="cond" truecount="1" falsecount="1"/>
        <line num="221" count="1" type="stmt"/>
        <line num="224" count="5" type="stmt"/>
        <line num="228" count="3" type="cond" truecount="2" falsecount="0"/>
        <line num="229" count="1" type="stmt"/>
        <line num="232" count="2" type="stmt"/>
        <line num="237" count="3" type="stmt"/>
        <line num="238" count="3" type="stmt"/>
        <line num="239" count="3" type="stmt"/>
        <line num="240" count="3" type="stmt"/>
      </file>
    </package>
  </project>
</coverage>
