{"C:\\Users\\rteja\\OneDrive\\Desktop\\MS\\Sem3\\Software Systems\\Individual Project\\Development\\planarpuzzle\\src\\App.js": {"path":"C:\\Users\\rteja\\OneDrive\\Desktop\\MS\\Sem3\\Software Systems\\Individual Project\\Development\\planarpuzzle\\src\\App.js","statementMap":{"0":{"start":{"line":9,"column":14},"end":{"line":9,"column":57}},"1":{"start":{"line":10,"column":14},"end":{"line":10,"column":57}},"2":{"start":{"line":11,"column":14},"end":{"line":11,"column":57}},"3":{"start":{"line":13,"column":22},"end":{"line":13,"column":29}},"4":{"start":{"line":17,"column":28},"end":{"line":17,"column":70}},"5":{"start":{"line":19,"column":17},"end":{"line":19,"column":35}},"6":{"start":{"line":20,"column":20},"end":{"line":20,"column":38}},"7":{"start":{"line":22,"column":4},"end":{"line":24,"column":15}},"8":{"start":{"line":23,"column":6},"end":{"line":23,"column":60}},"9":{"start":{"line":26,"column":24},"end":{"line":29,"column":5}},"10":{"start":{"line":27,"column":21},"end":{"line":27,"column":62}},"11":{"start":{"line":28,"column":6},"end":{"line":28,"column":24}},"12":{"start":{"line":31,"column":30},"end":{"line":34,"column":5}},"13":{"start":{"line":32,"column":21},"end":{"line":32,"column":46}},"14":{"start":{"line":33,"column":6},"end":{"line":33,"column":24}},"15":{"start":{"line":36,"column":32},"end":{"line":49,"column":5}},"16":{"start":{"line":37,"column":6},"end":{"line":45,"column":7}},"17":{"start":{"line":38,"column":8},"end":{"line":38,"column":33}},"18":{"start":{"line":40,"column":11},"end":{"line":45,"column":7}},"19":{"start":{"line":41,"column":8},"end":{"line":41,"column":33}},"20":{"start":{"line":43,"column":11},"end":{"line":45,"column":7}},"21":{"start":{"line":44,"column":8},"end":{"line":44,"column":33}},"22":{"start":{"line":47,"column":21},"end":{"line":47,"column":50}},"23":{"start":{"line":48,"column":6},"end":{"line":48,"column":24}},"24":{"start":{"line":51,"column":31},"end":{"line":54,"column":5}},"25":{"start":{"line":52,"column":22},"end":{"line":52,"column":50}},"26":{"start":{"line":53,"column":6},"end":{"line":53,"column":24}},"27":{"start":{"line":56,"column":2},"end":{"line":86,"column":4}},"28":{"start":{"line":70,"column":88},"end":{"line":70,"column":110}},"29":{"start":{"line":71,"column":88},"end":{"line":71,"column":110}},"30":{"start":{"line":72,"column":88},"end":{"line":72,"column":110}},"31":{"start":{"line":74,"column":84},"end":{"line":74,"column":108}},"32":{"start":{"line":75,"column":84},"end":{"line":75,"column":111}},"33":{"start":{"line":76,"column":84},"end":{"line":76,"column":111}},"34":{"start":{"line":77,"column":84},"end":{"line":77,"column":109}},"35":{"start":{"line":79,"column":86},"end":{"line":79,"column":106}}},"fnMap":{"0":{"name":"App","decl":{"start":{"line":15,"column":9},"end":{"line":15,"column":12}},"loc":{"start":{"line":15,"column":15},"end":{"line":87,"column":1}},"line":15},"1":{"name":"(anonymous_1)","decl":{"start":{"line":22,"column":21},"end":{"line":22,"column":22}},"loc":{"start":{"line":22,"column":27},"end":{"line":24,"column":5}},"line":22},"2":{"name":"(anonymous_2)","decl":{"start":{"line":26,"column":24},"end":{"line":26,"column":25}},"loc":{"start":{"line":26,"column":31},"end":{"line":29,"column":5}},"line":26},"3":{"name":"(anonymous_3)","decl":{"start":{"line":31,"column":30},"end":{"line":31,"column":31}},"loc":{"start":{"line":31,"column":41},"end":{"line":34,"column":5}},"line":31},"4":{"name":"(anonymous_4)","decl":{"start":{"line":36,"column":32},"end":{"line":36,"column":33}},"loc":{"start":{"line":36,"column":43},"end":{"line":49,"column":5}},"line":36},"5":{"name":"(anonymous_5)","decl":{"start":{"line":51,"column":31},"end":{"line":51,"column":32}},"loc":{"start":{"line":51,"column":37},"end":{"line":54,"column":5}},"line":51},"6":{"name":"(anonymous_6)","decl":{"start":{"line":70,"column":81},"end":{"line":70,"column":82}},"loc":{"start":{"line":70,"column":88},"end":{"line":70,"column":110}},"line":70},"7":{"name":"(anonymous_7)","decl":{"start":{"line":71,"column":81},"end":{"line":71,"column":82}},"loc":{"start":{"line":71,"column":88},"end":{"line":71,"column":110}},"line":71},"8":{"name":"(anonymous_8)","decl":{"start":{"line":72,"column":81},"end":{"line":72,"column":82}},"loc":{"start":{"line":72,"column":88},"end":{"line":72,"column":110}},"line":72},"9":{"name":"(anonymous_9)","decl":{"start":{"line":74,"column":77},"end":{"line":74,"column":78}},"loc":{"start":{"line":74,"column":84},"end":{"line":74,"column":108}},"line":74},"10":{"name":"(anonymous_10)","decl":{"start":{"line":75,"column":77},"end":{"line":75,"column":78}},"loc":{"start":{"line":75,"column":84},"end":{"line":75,"column":111}},"line":75},"11":{"name":"(anonymous_11)","decl":{"start":{"line":76,"column":77},"end":{"line":76,"column":78}},"loc":{"start":{"line":76,"column":84},"end":{"line":76,"column":111}},"line":76},"12":{"name":"(anonymous_12)","decl":{"start":{"line":77,"column":77},"end":{"line":77,"column":78}},"loc":{"start":{"line":77,"column":84},"end":{"line":77,"column":109}},"line":77},"13":{"name":"(anonymous_13)","decl":{"start":{"line":79,"column":79},"end":{"line":79,"column":80}},"loc":{"start":{"line":79,"column":86},"end":{"line":79,"column":106}},"line":79}},"branchMap":{"0":{"loc":{"start":{"line":37,"column":6},"end":{"line":45,"column":7}},"type":"if","locations":[{"start":{"line":37,"column":6},"end":{"line":45,"column":7}},{"start":{"line":40,"column":11},"end":{"line":45,"column":7}}],"line":37},"1":{"loc":{"start":{"line":40,"column":11},"end":{"line":45,"column":7}},"type":"if","locations":[{"start":{"line":40,"column":11},"end":{"line":45,"column":7}},{"start":{"line":43,"column":11},"end":{"line":45,"column":7}}],"line":40},"2":{"loc":{"start":{"line":43,"column":11},"end":{"line":45,"column":7}},"type":"if","locations":[{"start":{"line":43,"column":11},"end":{"line":45,"column":7}},{"start":{},"end":{}}],"line":43},"3":{"loc":{"start":{"line":83,"column":11},"end":{"line":83,"column":112}},"type":"cond-expr","locations":[{"start":{"line":83,"column":28},"end":{"line":83,"column":104}},{"start":{"line":83,"column":108},"end":{"line":83,"column":112}}],"line":83}},"s":{"0":1,"1":1,"2":1,"3":1,"4":10,"5":10,"6":10,"7":10,"8":10,"9":10,"10":1,"11":1,"12":10,"13":0,"14":0,"15":10,"16":3,"17":1,"18":2,"19":1,"20":1,"21":1,"22":3,"23":3,"24":10,"25":1,"26":1,"27":10,"28":1,"29":1,"30":1,"31":0,"32":0,"33":0,"34":0,"35":1},"f":{"0":10,"1":10,"2":1,"3":0,"4":3,"5":1,"6":1,"7":1,"8":1,"9":0,"10":0,"11":0,"12":0,"13":1},"b":{"0":[1,2],"1":[1,1],"2":[1,0],"3":[0,10]},"_coverageSchema":"1a1c01bbd47fc00a2c39e90264f33305004495a9","hash":"8675952bf1fc6ef0247c36ae5f4a13003c1b4296"}
,"C:\\Users\\rteja\\OneDrive\\Desktop\\MS\\Sem3\\Software Systems\\Individual Project\\Development\\planarpuzzle\\src\\Layout.js": {"path":"C:\\Users\\rteja\\OneDrive\\Desktop\\MS\\Sem3\\Software Systems\\Individual Project\\Development\\planarpuzzle\\src\\Layout.js","statementMap":{"0":{"start":{"line":1,"column":22},"end":{"line":117,"column":1}}},"fnMap":{},"branchMap":{},"s":{"0":1},"f":{},"b":{},"_coverageSchema":"1a1c01bbd47fc00a2c39e90264f33305004495a9","hash":"3ef28fbe71b68979dae4ac3ecfdbfc300897f808"}
,"C:\\Users\\rteja\\OneDrive\\Desktop\\MS\\Sem3\\Software Systems\\Individual Project\\Development\\planarpuzzle\\src\\boundary\\Boundary.js": {"path":"C:\\Users\\rteja\\OneDrive\\Desktop\\MS\\Sem3\\Software Systems\\Individual Project\\Development\\planarpuzzle\\src\\boundary\\Boundary.js","statementMap":{"0":{"start":{"line":1,"column":14},"end":{"line":1,"column":16}},"1":{"start":{"line":2,"column":15},"end":{"line":2,"column":16}},"2":{"start":{"line":6,"column":6},"end":{"line":6,"column":17}},"3":{"start":{"line":7,"column":6},"end":{"line":7,"column":17}},"4":{"start":{"line":8,"column":6},"end":{"line":8,"column":25}},"5":{"start":{"line":9,"column":6},"end":{"line":9,"column":27}},"6":{"start":{"line":13,"column":6},"end":{"line":13,"column":101}},"7":{"start":{"line":18,"column":4},"end":{"line":19,"column":69}},"8":{"start":{"line":24,"column":4},"end":{"line":24,"column":29}},"9":{"start":{"line":25,"column":19},"end":{"line":25,"column":34}},"10":{"start":{"line":27,"column":4},"end":{"line":44,"column":6}},"11":{"start":{"line":28,"column":19},"end":{"line":28,"column":43}},"12":{"start":{"line":30,"column":8},"end":{"line":34,"column":9}},"13":{"start":{"line":31,"column":12},"end":{"line":31,"column":39}},"14":{"start":{"line":33,"column":12},"end":{"line":33,"column":40}},"15":{"start":{"line":36,"column":8},"end":{"line":36,"column":27}},"16":{"start":{"line":37,"column":8},"end":{"line":37,"column":61}},"17":{"start":{"line":39,"column":8},"end":{"line":43,"column":9}},"18":{"start":{"line":40,"column":12},"end":{"line":40,"column":35}},"19":{"start":{"line":41,"column":12},"end":{"line":41,"column":37}},"20":{"start":{"line":42,"column":12},"end":{"line":42,"column":64}},"21":{"start":{"line":49,"column":16},"end":{"line":49,"column":42}},"22":{"start":{"line":50,"column":4},"end":{"line":50,"column":58}},"23":{"start":{"line":52,"column":4},"end":{"line":54,"column":5}},"24":{"start":{"line":53,"column":8},"end":{"line":53,"column":37}}},"fnMap":{"0":{"name":"(anonymous_0)","decl":{"start":{"line":5,"column":4},"end":{"line":5,"column":5}},"loc":{"start":{"line":5,"column":37},"end":{"line":10,"column":5}},"line":5},"1":{"name":"(anonymous_1)","decl":{"start":{"line":12,"column":4},"end":{"line":12,"column":5}},"loc":{"start":{"line":12,"column":19},"end":{"line":14,"column":5}},"line":12},"2":{"name":"computeRectangle","decl":{"start":{"line":17,"column":16},"end":{"line":17,"column":32}},"loc":{"start":{"line":17,"column":41},"end":{"line":20,"column":1}},"line":17},"3":{"name":"drawPuzzle","decl":{"start":{"line":22,"column":9},"end":{"line":22,"column":19}},"loc":{"start":{"line":22,"column":33},"end":{"line":45,"column":1}},"line":22},"4":{"name":"(anonymous_4)","decl":{"start":{"line":27,"column":27},"end":{"line":27,"column":28}},"loc":{"start":{"line":27,"column":37},"end":{"line":44,"column":5}},"line":27},"5":{"name":"redrawCanvas","decl":{"start":{"line":47,"column":16},"end":{"line":47,"column":28}},"loc":{"start":{"line":47,"column":55},"end":{"line":55,"column":1}},"line":47}},"branchMap":{"0":{"loc":{"start":{"line":13,"column":13},"end":{"line":13,"column":100}},"type":"binary-expr","locations":[{"start":{"line":13,"column":13},"end":{"line":13,"column":24}},{"start":{"line":13,"column":28},"end":{"line":13,"column":54}},{"start":{"line":13,"column":58},"end":{"line":13,"column":69}},{"start":{"line":13,"column":73},"end":{"line":13,"column":100}}],"line":13},"1":{"loc":{"start":{"line":30,"column":8},"end":{"line":34,"column":9}},"type":"if","locations":[{"start":{"line":30,"column":8},"end":{"line":34,"column":9}},{"start":{"line":32,"column":15},"end":{"line":34,"column":9}}],"line":30},"2":{"loc":{"start":{"line":39,"column":8},"end":{"line":43,"column":9}},"type":"if","locations":[{"start":{"line":39,"column":8},"end":{"line":43,"column":9}},{"start":{},"end":{}}],"line":39},"3":{"loc":{"start":{"line":39,"column":12},"end":{"line":39,"column":56}},"type":"binary-expr","locations":[{"start":{"line":39,"column":12},"end":{"line":39,"column":36}},{"start":{"line":39,"column":40},"end":{"line":39,"column":56}}],"line":39},"4":{"loc":{"start":{"line":52,"column":4},"end":{"line":54,"column":5}},"type":"if","locations":[{"start":{"line":52,"column":4},"end":{"line":54,"column":5}},{"start":{},"end":{}}],"line":52}},"s":{"0":1,"1":1,"2":329,"3":329,"4":329,"5":329,"6":1,"7":329,"8":10,"9":10,"10":10,"11":328,"12":328,"13":1,"14":327,"15":328,"16":328,"17":328,"18":0,"19":0,"20":0,"21":10,"22":10,"23":10,"24":10},"f":{"0":329,"1":1,"2":329,"3":10,"4":328,"5":10},"b":{"0":[1,1,1,1],"1":[1,327],"2":[0,328],"3":[328,51],"4":[10,0]},"_coverageSchema":"1a1c01bbd47fc00a2c39e90264f33305004495a9","hash":"98bc01381632fc6fbeb00e679ec6f7aff8246253"}
,"C:\\Users\\rteja\\OneDrive\\Desktop\\MS\\Sem3\\Software Systems\\Individual Project\\Development\\planarpuzzle\\src\\controller\\Controllers.js": {"path":"C:\\Users\\rteja\\OneDrive\\Desktop\\MS\\Sem3\\Software Systems\\Individual Project\\Development\\planarpuzzle\\src\\controller\\Controllers.js","statementMap":{"0":{"start":{"line":5,"column":4},"end":{"line":5,"column":28}},"1":{"start":{"line":9,"column":23},"end":{"line":9,"column":53}},"2":{"start":{"line":11,"column":14},"end":{"line":14,"column":6}},"3":{"start":{"line":12,"column":19},"end":{"line":12,"column":43}},"4":{"start":{"line":13,"column":8},"end":{"line":13,"column":94}},"5":{"start":{"line":16,"column":19},"end":{"line":16,"column":23}},"6":{"start":{"line":17,"column":4},"end":{"line":19,"column":5}},"7":{"start":{"line":18,"column":6},"end":{"line":18,"column":43}},"8":{"start":{"line":21,"column":4},"end":{"line":26,"column":5}},"9":{"start":{"line":22,"column":8},"end":{"line":22,"column":38}},"10":{"start":{"line":23,"column":8},"end":{"line":23,"column":28}},"11":{"start":{"line":25,"column":8},"end":{"line":25,"column":20}},"12":{"start":{"line":30,"column":19},"end":{"line":30,"column":40}},"13":{"start":{"line":31,"column":4},"end":{"line":31,"column":35}},"14":{"start":{"line":31,"column":21},"end":{"line":31,"column":33}},"15":{"start":{"line":33,"column":26},"end":{"line":33,"column":61}},"16":{"start":{"line":35,"column":4},"end":{"line":41,"column":5}},"17":{"start":{"line":36,"column":8},"end":{"line":40,"column":9}},"18":{"start":{"line":37,"column":12},"end":{"line":37,"column":47}},"19":{"start":{"line":38,"column":12},"end":{"line":38,"column":76}},"20":{"start":{"line":39,"column":12},"end":{"line":39,"column":40}},"21":{"start":{"line":42,"column":4},"end":{"line":42,"column":52}},"22":{"start":{"line":43,"column":4},"end":{"line":43,"column":18}},"23":{"start":{"line":44,"column":4},"end":{"line":44,"column":23}},"24":{"start":{"line":48,"column":4},"end":{"line":48,"column":28}}},"fnMap":{"0":{"name":"selectConfig","decl":{"start":{"line":4,"column":16},"end":{"line":4,"column":28}},"loc":{"start":{"line":4,"column":37},"end":{"line":6,"column":1}},"line":4},"1":{"name":"selectSquare","decl":{"start":{"line":8,"column":16},"end":{"line":8,"column":28}},"loc":{"start":{"line":8,"column":51},"end":{"line":27,"column":1}},"line":8},"2":{"name":"(anonymous_2)","decl":{"start":{"line":11,"column":45},"end":{"line":11,"column":46}},"loc":{"start":{"line":11,"column":55},"end":{"line":14,"column":5}},"line":11},"3":{"name":"extendColor","decl":{"start":{"line":29,"column":16},"end":{"line":29,"column":27}},"loc":{"start":{"line":29,"column":42},"end":{"line":45,"column":1}},"line":29},"4":{"name":"resetPuzzle","decl":{"start":{"line":47,"column":16},"end":{"line":47,"column":27}},"loc":{"start":{"line":47,"column":36},"end":{"line":49,"column":1}},"line":47}},"branchMap":{"0":{"loc":{"start":{"line":17,"column":4},"end":{"line":19,"column":5}},"type":"if","locations":[{"start":{"line":17,"column":4},"end":{"line":19,"column":5}},{"start":{},"end":{}}],"line":17},"1":{"loc":{"start":{"line":21,"column":4},"end":{"line":26,"column":5}},"type":"if","locations":[{"start":{"line":21,"column":4},"end":{"line":26,"column":5}},{"start":{"line":24,"column":11},"end":{"line":26,"column":5}}],"line":21},"2":{"loc":{"start":{"line":21,"column":8},"end":{"line":21,"column":46}},"type":"binary-expr","locations":[{"start":{"line":21,"column":8},"end":{"line":21,"column":16}},{"start":{"line":21,"column":20},"end":{"line":21,"column":46}}],"line":21},"3":{"loc":{"start":{"line":31,"column":4},"end":{"line":31,"column":35}},"type":"if","locations":[{"start":{"line":31,"column":4},"end":{"line":31,"column":35}},{"start":{},"end":{}}],"line":31},"4":{"loc":{"start":{"line":36,"column":8},"end":{"line":40,"column":9}},"type":"if","locations":[{"start":{"line":36,"column":8},"end":{"line":40,"column":9}},{"start":{},"end":{}}],"line":36},"5":{"loc":{"start":{"line":36,"column":11},"end":{"line":36,"column":72}},"type":"binary-expr","locations":[{"start":{"line":36,"column":11},"end":{"line":36,"column":26}},{"start":{"line":36,"column":30},"end":{"line":36,"column":72}}],"line":36}},"s":{"0":4,"1":1,"2":1,"3":1,"4":1,"5":1,"6":1,"7":1,"8":1,"9":1,"10":1,"11":0,"12":1,"13":1,"14":0,"15":1,"16":1,"17":2,"18":0,"19":0,"20":0,"21":1,"22":1,"23":1,"24":2},"f":{"0":4,"1":1,"2":1,"3":1,"4":2},"b":{"0":[1,0],"1":[1,0],"2":[1,1],"3":[0,1],"4":[0,2],"5":[2,2]},"_coverageSchema":"1a1c01bbd47fc00a2c39e90264f33305004495a9","hash":"fe90473b66ae342dde8465187626cccc7d5ad94d"}
,"C:\\Users\\rteja\\OneDrive\\Desktop\\MS\\Sem3\\Software Systems\\Individual Project\\Development\\planarpuzzle\\src\\model\\Configurations.js": {"path":"C:\\Users\\rteja\\OneDrive\\Desktop\\MS\\Sem3\\Software Systems\\Individual Project\\Development\\planarpuzzle\\src\\model\\Configurations.js","statementMap":{"0":{"start":{"line":1,"column":31},"end":{"line":14,"column":3}},"1":{"start":{"line":16,"column":33},"end":{"line":33,"column":7}},"2":{"start":{"line":35,"column":37},"end":{"line":51,"column":9}}},"fnMap":{},"branchMap":{},"s":{"0":1,"1":1,"2":1},"f":{},"b":{},"_coverageSchema":"1a1c01bbd47fc00a2c39e90264f33305004495a9","hash":"506624f2114e3d6c300a0730b6864af17bbf5e17"}
,"C:\\Users\\rteja\\OneDrive\\Desktop\\MS\\Sem3\\Software Systems\\Individual Project\\Development\\planarpuzzle\\src\\model\\Model.js": {"path":"C:\\Users\\rteja\\OneDrive\\Desktop\\MS\\Sem3\\Software Systems\\Individual Project\\Development\\planarpuzzle\\src\\model\\Model.js","statementMap":{"0":{"start":{"line":3,"column":8},"end":{"line":3,"column":22}},"1":{"start":{"line":4,"column":8},"end":{"line":4,"column":28}},"2":{"start":{"line":10,"column":8},"end":{"line":10,"column":22}},"3":{"start":{"line":11,"column":8},"end":{"line":11,"column":28}},"4":{"start":{"line":12,"column":8},"end":{"line":12,"column":37}},"5":{"start":{"line":13,"column":8},"end":{"line":13,"column":31}},"6":{"start":{"line":17,"column":8},"end":{"line":17,"column":23}},"7":{"start":{"line":18,"column":8},"end":{"line":18,"column":26}},"8":{"start":{"line":22,"column":8},"end":{"line":22,"column":52}},"9":{"start":{"line":26,"column":16},"end":{"line":26,"column":73}},"10":{"start":{"line":27,"column":8},"end":{"line":27,"column":39}},"11":{"start":{"line":28,"column":8},"end":{"line":28,"column":17}},"12":{"start":{"line":34,"column":8},"end":{"line":34,"column":24}},"13":{"start":{"line":35,"column":8},"end":{"line":35,"column":30}},"14":{"start":{"line":36,"column":8},"end":{"line":36,"column":36}},"15":{"start":{"line":37,"column":8},"end":{"line":37,"column":28}},"16":{"start":{"line":38,"column":8},"end":{"line":38,"column":42}},"17":{"start":{"line":39,"column":8},"end":{"line":39,"column":38}},"18":{"start":{"line":40,"column":8},"end":{"line":40,"column":27}},"19":{"start":{"line":44,"column":8},"end":{"line":44,"column":49}},"20":{"start":{"line":44,"column":40},"end":{"line":44,"column":48}},"21":{"start":{"line":48,"column":8},"end":{"line":48,"column":39}},"22":{"start":{"line":48,"column":31},"end":{"line":48,"column":37}},"23":{"start":{"line":49,"column":8},"end":{"line":49,"column":48}},"24":{"start":{"line":49,"column":40},"end":{"line":49,"column":46}},"25":{"start":{"line":50,"column":8},"end":{"line":50,"column":69}},"26":{"start":{"line":50,"column":40},"end":{"line":50,"column":61}},"27":{"start":{"line":50,"column":62},"end":{"line":50,"column":68}},"28":{"start":{"line":52,"column":8},"end":{"line":52,"column":31}},"29":{"start":{"line":56,"column":8},"end":{"line":56,"column":57}},"30":{"start":{"line":56,"column":44},"end":{"line":56,"column":56}},"31":{"start":{"line":58,"column":25},"end":{"line":58,"column":27}},"32":{"start":{"line":59,"column":8},"end":{"line":65,"column":10}},"33":{"start":{"line":60,"column":12},"end":{"line":64,"column":13}},"34":{"start":{"line":61,"column":16},"end":{"line":63,"column":17}},"35":{"start":{"line":62,"column":20},"end":{"line":62,"column":49}},"36":{"start":{"line":68,"column":20},"end":{"line":68,"column":21}},"37":{"start":{"line":69,"column":8},"end":{"line":83,"column":10}},"38":{"start":{"line":70,"column":25},"end":{"line":70,"column":49}},"39":{"start":{"line":73,"column":12},"end":{"line":82,"column":14}},"40":{"start":{"line":74,"column":16},"end":{"line":81,"column":17}},"41":{"start":{"line":76,"column":36},"end":{"line":76,"column":61}},"42":{"start":{"line":78,"column":20},"end":{"line":80,"column":21}},"43":{"start":{"line":79,"column":24},"end":{"line":79,"column":34}},"44":{"start":{"line":86,"column":8},"end":{"line":86,"column":58}},"45":{"start":{"line":86,"column":45},"end":{"line":86,"column":56}},"46":{"start":{"line":88,"column":8},"end":{"line":88,"column":20}},"47":{"start":{"line":92,"column":25},"end":{"line":92,"column":38}},"48":{"start":{"line":93,"column":24},"end":{"line":93,"column":26}},"49":{"start":{"line":94,"column":20},"end":{"line":94,"column":32}},"50":{"start":{"line":97,"column":8},"end":{"line":105,"column":9}},"51":{"start":{"line":98,"column":24},"end":{"line":98,"column":77}},"52":{"start":{"line":99,"column":12},"end":{"line":104,"column":14}},"53":{"start":{"line":100,"column":16},"end":{"line":103,"column":17}},"54":{"start":{"line":101,"column":20},"end":{"line":101,"column":56}},"55":{"start":{"line":106,"column":8},"end":{"line":107,"column":34}},"56":{"start":{"line":107,"column":12},"end":{"line":107,"column":33}},"57":{"start":{"line":110,"column":8},"end":{"line":110,"column":28}},"58":{"start":{"line":111,"column":8},"end":{"line":119,"column":9}},"59":{"start":{"line":112,"column":24},"end":{"line":112,"column":77}},"60":{"start":{"line":113,"column":12},"end":{"line":118,"column":14}},"61":{"start":{"line":114,"column":16},"end":{"line":117,"column":17}},"62":{"start":{"line":115,"column":20},"end":{"line":115,"column":56}},"63":{"start":{"line":120,"column":8},"end":{"line":121,"column":34}},"64":{"start":{"line":121,"column":12},"end":{"line":121,"column":33}},"65":{"start":{"line":124,"column":8},"end":{"line":124,"column":28}},"66":{"start":{"line":125,"column":8},"end":{"line":133,"column":9}},"67":{"start":{"line":126,"column":24},"end":{"line":126,"column":77}},"68":{"start":{"line":127,"column":12},"end":{"line":132,"column":14}},"69":{"start":{"line":128,"column":16},"end":{"line":131,"column":17}},"70":{"start":{"line":129,"column":20},"end":{"line":129,"column":56}},"71":{"start":{"line":134,"column":8},"end":{"line":135,"column":34}},"72":{"start":{"line":135,"column":12},"end":{"line":135,"column":33}},"73":{"start":{"line":138,"column":8},"end":{"line":138,"column":28}},"74":{"start":{"line":139,"column":8},"end":{"line":147,"column":9}},"75":{"start":{"line":140,"column":24},"end":{"line":140,"column":77}},"76":{"start":{"line":141,"column":12},"end":{"line":146,"column":14}},"77":{"start":{"line":142,"column":16},"end":{"line":145,"column":17}},"78":{"start":{"line":143,"column":20},"end":{"line":143,"column":56}},"79":{"start":{"line":148,"column":8},"end":{"line":149,"column":34}},"80":{"start":{"line":149,"column":12},"end":{"line":149,"column":33}},"81":{"start":{"line":153,"column":8},"end":{"line":153,"column":24}},"82":{"start":{"line":157,"column":20},"end":{"line":157,"column":21}},"83":{"start":{"line":158,"column":8},"end":{"line":162,"column":10}},"84":{"start":{"line":159,"column":12},"end":{"line":161,"column":13}},"85":{"start":{"line":160,"column":16},"end":{"line":160,"column":26}},"86":{"start":{"line":163,"column":8},"end":{"line":163,"column":20}},"87":{"start":{"line":167,"column":19},"end":{"line":167,"column":115}},"88":{"start":{"line":168,"column":8},"end":{"line":168,"column":26}},"89":{"start":{"line":169,"column":8},"end":{"line":175,"column":9}},"90":{"start":{"line":170,"column":28},"end":{"line":170,"column":36}},"91":{"start":{"line":171,"column":12},"end":{"line":171,"column":41}},"92":{"start":{"line":172,"column":12},"end":{"line":174,"column":13}},"93":{"start":{"line":173,"column":16},"end":{"line":173,"column":42}},"94":{"start":{"line":176,"column":8},"end":{"line":176,"column":20}},"95":{"start":{"line":182,"column":8},"end":{"line":182,"column":29}},"96":{"start":{"line":183,"column":8},"end":{"line":183,"column":24}},"97":{"start":{"line":187,"column":22},"end":{"line":187,"column":44}},"98":{"start":{"line":188,"column":25},"end":{"line":188,"column":50}},"99":{"start":{"line":189,"column":8},"end":{"line":189,"column":28}},"100":{"start":{"line":191,"column":25},"end":{"line":191,"column":27}},"101":{"start":{"line":193,"column":8},"end":{"line":207,"column":9}},"102":{"start":{"line":193,"column":18},"end":{"line":193,"column":19}},"103":{"start":{"line":194,"column":12},"end":{"line":206,"column":13}},"104":{"start":{"line":194,"column":22},"end":{"line":194,"column":23}},"105":{"start":{"line":196,"column":31},"end":{"line":196,"column":113}},"106":{"start":{"line":196,"column":59},"end":{"line":196,"column":112}},"107":{"start":{"line":197,"column":33},"end":{"line":197,"column":117}},"108":{"start":{"line":197,"column":63},"end":{"line":197,"column":116}},"109":{"start":{"line":199,"column":25},"end":{"line":199,"column":40}},"110":{"start":{"line":200,"column":16},"end":{"line":204,"column":17}},"111":{"start":{"line":201,"column":20},"end":{"line":201,"column":55}},"112":{"start":{"line":202,"column":22},"end":{"line":204,"column":17}},"113":{"start":{"line":203,"column":20},"end":{"line":203,"column":57}},"114":{"start":{"line":205,"column":16},"end":{"line":205,"column":35}},"115":{"start":{"line":209,"column":8},"end":{"line":209,"column":108}},"116":{"start":{"line":210,"column":8},"end":{"line":210,"column":42}},"117":{"start":{"line":214,"column":8},"end":{"line":214,"column":51}},"118":{"start":{"line":214,"column":37},"end":{"line":214,"column":49}},"119":{"start":{"line":216,"column":29},"end":{"line":216,"column":31}},"120":{"start":{"line":217,"column":24},"end":{"line":217,"column":70}},"121":{"start":{"line":219,"column":8},"end":{"line":223,"column":10}},"122":{"start":{"line":220,"column":12},"end":{"line":222,"column":13}},"123":{"start":{"line":221,"column":16},"end":{"line":221,"column":41}},"124":{"start":{"line":224,"column":8},"end":{"line":224,"column":45}},"125":{"start":{"line":228,"column":8},"end":{"line":233,"column":9}},"126":{"start":{"line":229,"column":12},"end":{"line":229,"column":31}},"127":{"start":{"line":232,"column":12},"end":{"line":232,"column":32}},"128":{"start":{"line":237,"column":16},"end":{"line":237,"column":36}},"129":{"start":{"line":238,"column":8},"end":{"line":238,"column":39}},"130":{"start":{"line":239,"column":8},"end":{"line":239,"column":33}},"131":{"start":{"line":240,"column":8},"end":{"line":240,"column":17}}},"fnMap":{"0":{"name":"(anonymous_0)","decl":{"start":{"line":2,"column":4},"end":{"line":2,"column":5}},"loc":{"start":{"line":2,"column":29},"end":{"line":5,"column":5}},"line":2},"1":{"name":"(anonymous_1)","decl":{"start":{"line":9,"column":4},"end":{"line":9,"column":5}},"loc":{"start":{"line":9,"column":43},"end":{"line":14,"column":5}},"line":9},"2":{"name":"(anonymous_2)","decl":{"start":{"line":16,"column":4},"end":{"line":16,"column":5}},"loc":{"start":{"line":16,"column":20},"end":{"line":19,"column":5}},"line":16},"3":{"name":"(anonymous_3)","decl":{"start":{"line":21,"column":4},"end":{"line":21,"column":5}},"loc":{"start":{"line":21,"column":15},"end":{"line":23,"column":5}},"line":21},"4":{"name":"(anonymous_4)","decl":{"start":{"line":25,"column":4},"end":{"line":25,"column":5}},"loc":{"start":{"line":25,"column":11},"end":{"line":29,"column":5}},"line":25},"5":{"name":"(anonymous_5)","decl":{"start":{"line":33,"column":4},"end":{"line":33,"column":5}},"loc":{"start":{"line":33,"column":71},"end":{"line":41,"column":5}},"line":33},"6":{"name":"(anonymous_6)","decl":{"start":{"line":43,"column":4},"end":{"line":43,"column":5}},"loc":{"start":{"line":43,"column":24},"end":{"line":45,"column":5}},"line":43},"7":{"name":"(anonymous_7)","decl":{"start":{"line":44,"column":35},"end":{"line":44,"column":36}},"loc":{"start":{"line":44,"column":40},"end":{"line":44,"column":48}},"line":44},"8":{"name":"(anonymous_8)","decl":{"start":{"line":47,"column":4},"end":{"line":47,"column":5}},"loc":{"start":{"line":47,"column":19},"end":{"line":53,"column":5}},"line":47},"9":{"name":"(anonymous_9)","decl":{"start":{"line":55,"column":4},"end":{"line":55,"column":5}},"loc":{"start":{"line":55,"column":18},"end":{"line":89,"column":5}},"line":55},"10":{"name":"(anonymous_10)","decl":{"start":{"line":59,"column":29},"end":{"line":59,"column":30}},"loc":{"start":{"line":59,"column":39},"end":{"line":65,"column":9}},"line":59},"11":{"name":"(anonymous_11)","decl":{"start":{"line":69,"column":27},"end":{"line":69,"column":28}},"loc":{"start":{"line":69,"column":36},"end":{"line":83,"column":9}},"line":69},"12":{"name":"(anonymous_12)","decl":{"start":{"line":73,"column":33},"end":{"line":73,"column":34}},"loc":{"start":{"line":73,"column":43},"end":{"line":82,"column":13}},"line":73},"13":{"name":"(anonymous_13)","decl":{"start":{"line":91,"column":4},"end":{"line":91,"column":5}},"loc":{"start":{"line":91,"column":21},"end":{"line":154,"column":5}},"line":91},"14":{"name":"(anonymous_14)","decl":{"start":{"line":99,"column":35},"end":{"line":99,"column":36}},"loc":{"start":{"line":99,"column":45},"end":{"line":104,"column":13}},"line":99},"15":{"name":"(anonymous_15)","decl":{"start":{"line":113,"column":35},"end":{"line":113,"column":36}},"loc":{"start":{"line":113,"column":45},"end":{"line":118,"column":13}},"line":113},"16":{"name":"(anonymous_16)","decl":{"start":{"line":127,"column":35},"end":{"line":127,"column":36}},"loc":{"start":{"line":127,"column":45},"end":{"line":132,"column":13}},"line":127},"17":{"name":"(anonymous_17)","decl":{"start":{"line":141,"column":35},"end":{"line":141,"column":36}},"loc":{"start":{"line":141,"column":45},"end":{"line":146,"column":13}},"line":141},"18":{"name":"(anonymous_18)","decl":{"start":{"line":156,"column":4},"end":{"line":156,"column":5}},"loc":{"start":{"line":156,"column":22},"end":{"line":164,"column":5}},"line":156},"19":{"name":"(anonymous_19)","decl":{"start":{"line":158,"column":29},"end":{"line":158,"column":30}},"loc":{"start":{"line":158,"column":39},"end":{"line":162,"column":9}},"line":158},"20":{"name":"(anonymous_20)","decl":{"start":{"line":166,"column":4},"end":{"line":166,"column":5}},"loc":{"start":{"line":166,"column":12},"end":{"line":177,"column":5}},"line":166},"21":{"name":"(anonymous_21)","decl":{"start":{"line":181,"column":4},"end":{"line":181,"column":5}},"loc":{"start":{"line":181,"column":22},"end":{"line":184,"column":5}},"line":181},"22":{"name":"(anonymous_22)","decl":{"start":{"line":186,"column":4},"end":{"line":186,"column":5}},"loc":{"start":{"line":186,"column":21},"end":{"line":211,"column":5}},"line":186},"23":{"name":"(anonymous_23)","decl":{"start":{"line":196,"column":53},"end":{"line":196,"column":54}},"loc":{"start":{"line":196,"column":59},"end":{"line":196,"column":112}},"line":196},"24":{"name":"(anonymous_24)","decl":{"start":{"line":197,"column":57},"end":{"line":197,"column":58}},"loc":{"start":{"line":197,"column":63},"end":{"line":197,"column":116}},"line":197},"25":{"name":"(anonymous_25)","decl":{"start":{"line":213,"column":4},"end":{"line":213,"column":5}},"loc":{"start":{"line":213,"column":19},"end":{"line":225,"column":5}},"line":213},"26":{"name":"(anonymous_26)","decl":{"start":{"line":219,"column":26},"end":{"line":219,"column":27}},"loc":{"start":{"line":219,"column":31},"end":{"line":223,"column":9}},"line":219},"27":{"name":"(anonymous_27)","decl":{"start":{"line":227,"column":4},"end":{"line":227,"column":5}},"loc":{"start":{"line":227,"column":13},"end":{"line":234,"column":5}},"line":227},"28":{"name":"(anonymous_28)","decl":{"start":{"line":236,"column":4},"end":{"line":236,"column":5}},"loc":{"start":{"line":236,"column":11},"end":{"line":241,"column":5}},"line":236}},"branchMap":{"0":{"loc":{"start":{"line":12,"column":21},"end":{"line":12,"column":37}},"type":"binary-expr","locations":[{"start":{"line":12,"column":21},"end":{"line":12,"column":26}},{"start":{"line":12,"column":30},"end":{"line":12,"column":37}}],"line":12},"1":{"loc":{"start":{"line":13,"column":21},"end":{"line":13,"column":31}},"type":"binary-expr","locations":[{"start":{"line":13,"column":21},"end":{"line":13,"column":26}},{"start":{"line":13,"column":30},"end":{"line":13,"column":31}}],"line":13},"2":{"loc":{"start":{"line":48,"column":8},"end":{"line":48,"column":39}},"type":"if","locations":[{"start":{"line":48,"column":8},"end":{"line":48,"column":39}},{"start":{},"end":{}}],"line":48},"3":{"loc":{"start":{"line":49,"column":8},"end":{"line":49,"column":48}},"type":"if","locations":[{"start":{"line":49,"column":8},"end":{"line":49,"column":48}},{"start":{},"end":{}}],"line":49},"4":{"loc":{"start":{"line":50,"column":8},"end":{"line":50,"column":69}},"type":"if","locations":[{"start":{"line":50,"column":8},"end":{"line":50,"column":69}},{"start":{},"end":{}}],"line":50},"5":{"loc":{"start":{"line":56,"column":8},"end":{"line":56,"column":57}},"type":"if","locations":[{"start":{"line":56,"column":8},"end":{"line":56,"column":57}},{"start":{},"end":{}}],"line":56},"6":{"loc":{"start":{"line":60,"column":12},"end":{"line":64,"column":13}},"type":"if","locations":[{"start":{"line":60,"column":12},"end":{"line":64,"column":13}},{"start":{},"end":{}}],"line":60},"7":{"loc":{"start":{"line":60,"column":16},"end":{"line":60,"column":68}},"type":"binary-expr","locations":[{"start":{"line":60,"column":16},"end":{"line":60,"column":40}},{"start":{"line":60,"column":44},"end":{"line":60,"column":68}}],"line":60},"8":{"loc":{"start":{"line":61,"column":16},"end":{"line":63,"column":17}},"type":"if","locations":[{"start":{"line":61,"column":16},"end":{"line":63,"column":17}},{"start":{},"end":{}}],"line":61},"9":{"loc":{"start":{"line":74,"column":16},"end":{"line":81,"column":17}},"type":"if","locations":[{"start":{"line":74,"column":16},"end":{"line":81,"column":17}},{"start":{},"end":{}}],"line":74},"10":{"loc":{"start":{"line":74,"column":20},"end":{"line":74,"column":64}},"type":"binary-expr","locations":[{"start":{"line":74,"column":20},"end":{"line":74,"column":42}},{"start":{"line":74,"column":46},"end":{"line":74,"column":64}}],"line":74},"11":{"loc":{"start":{"line":78,"column":20},"end":{"line":80,"column":21}},"type":"if","locations":[{"start":{"line":78,"column":20},"end":{"line":80,"column":21}},{"start":{},"end":{}}],"line":78},"12":{"loc":{"start":{"line":78,"column":24},"end":{"line":78,"column":172}},"type":"binary-expr","locations":[{"start":{"line":78,"column":24},"end":{"line":78,"column":93}},{"start":{"line":78,"column":97},"end":{"line":78,"column":172}}],"line":78},"13":{"loc":{"start":{"line":86,"column":8},"end":{"line":86,"column":58}},"type":"if","locations":[{"start":{"line":86,"column":8},"end":{"line":86,"column":58}},{"start":{},"end":{}}],"line":86},"14":{"loc":{"start":{"line":97,"column":8},"end":{"line":105,"column":9}},"type":"if","locations":[{"start":{"line":97,"column":8},"end":{"line":105,"column":9}},{"start":{},"end":{}}],"line":97},"15":{"loc":{"start":{"line":100,"column":16},"end":{"line":103,"column":17}},"type":"if","locations":[{"start":{"line":100,"column":16},"end":{"line":103,"column":17}},{"start":{},"end":{}}],"line":100},"16":{"loc":{"start":{"line":100,"column":20},"end":{"line":100,"column":78}},"type":"binary-expr","locations":[{"start":{"line":100,"column":20},"end":{"line":100,"column":44}},{"start":{"line":100,"column":48},"end":{"line":100,"column":78}}],"line":100},"17":{"loc":{"start":{"line":106,"column":8},"end":{"line":107,"column":34}},"type":"if","locations":[{"start":{"line":106,"column":8},"end":{"line":107,"column":34}},{"start":{},"end":{}}],"line":106},"18":{"loc":{"start":{"line":106,"column":12},"end":{"line":106,"column":56}},"type":"binary-expr","locations":[{"start":{"line":106,"column":12},"end":{"line":106,"column":32}},{"start":{"line":106,"column":36},"end":{"line":106,"column":56}}],"line":106},"19":{"loc":{"start":{"line":111,"column":8},"end":{"line":119,"column":9}},"type":"if","locations":[{"start":{"line":111,"column":8},"end":{"line":119,"column":9}},{"start":{},"end":{}}],"line":111},"20":{"loc":{"start":{"line":114,"column":16},"end":{"line":117,"column":17}},"type":"if","locations":[{"start":{"line":114,"column":16},"end":{"line":117,"column":17}},{"start":{},"end":{}}],"line":114},"21":{"loc":{"start":{"line":114,"column":20},"end":{"line":114,"column":78}},"type":"binary-expr","locations":[{"start":{"line":114,"column":20},"end":{"line":114,"column":44}},{"start":{"line":114,"column":48},"end":{"line":114,"column":78}}],"line":114},"22":{"loc":{"start":{"line":120,"column":8},"end":{"line":121,"column":34}},"type":"if","locations":[{"start":{"line":120,"column":8},"end":{"line":121,"column":34}},{"start":{},"end":{}}],"line":120},"23":{"loc":{"start":{"line":120,"column":12},"end":{"line":120,"column":56}},"type":"binary-expr","locations":[{"start":{"line":120,"column":12},"end":{"line":120,"column":32}},{"start":{"line":120,"column":36},"end":{"line":120,"column":56}}],"line":120},"24":{"loc":{"start":{"line":125,"column":8},"end":{"line":133,"column":9}},"type":"if","locations":[{"start":{"line":125,"column":8},"end":{"line":133,"column":9}},{"start":{},"end":{}}],"line":125},"25":{"loc":{"start":{"line":128,"column":16},"end":{"line":131,"column":17}},"type":"if","locations":[{"start":{"line":128,"column":16},"end":{"line":131,"column":17}},{"start":{},"end":{}}],"line":128},"26":{"loc":{"start":{"line":128,"column":20},"end":{"line":128,"column":78}},"type":"binary-expr","locations":[{"start":{"line":128,"column":20},"end":{"line":128,"column":44}},{"start":{"line":128,"column":48},"end":{"line":128,"column":78}}],"line":128},"27":{"loc":{"start":{"line":134,"column":8},"end":{"line":135,"column":34}},"type":"if","locations":[{"start":{"line":134,"column":8},"end":{"line":135,"column":34}},{"start":{},"end":{}}],"line":134},"28":{"loc":{"start":{"line":134,"column":12},"end":{"line":134,"column":56}},"type":"binary-expr","locations":[{"start":{"line":134,"column":12},"end":{"line":134,"column":32}},{"start":{"line":134,"column":36},"end":{"line":134,"column":56}}],"line":134},"29":{"loc":{"start":{"line":139,"column":8},"end":{"line":147,"column":9}},"type":"if","locations":[{"start":{"line":139,"column":8},"end":{"line":147,"column":9}},{"start":{},"end":{}}],"line":139},"30":{"loc":{"start":{"line":142,"column":16},"end":{"line":145,"column":17}},"type":"if","locations":[{"start":{"line":142,"column":16},"end":{"line":145,"column":17}},{"start":{},"end":{}}],"line":142},"31":{"loc":{"start":{"line":142,"column":20},"end":{"line":142,"column":78}},"type":"binary-expr","locations":[{"start":{"line":142,"column":20},"end":{"line":142,"column":44}},{"start":{"line":142,"column":48},"end":{"line":142,"column":78}}],"line":142},"32":{"loc":{"start":{"line":148,"column":8},"end":{"line":149,"column":34}},"type":"if","locations":[{"start":{"line":148,"column":8},"end":{"line":149,"column":34}},{"start":{},"end":{}}],"line":148},"33":{"loc":{"start":{"line":148,"column":12},"end":{"line":148,"column":56}},"type":"binary-expr","locations":[{"start":{"line":148,"column":12},"end":{"line":148,"column":32}},{"start":{"line":148,"column":36},"end":{"line":148,"column":56}}],"line":148},"34":{"loc":{"start":{"line":159,"column":12},"end":{"line":161,"column":13}},"type":"if","locations":[{"start":{"line":159,"column":12},"end":{"line":161,"column":13}},{"start":{},"end":{}}],"line":159},"35":{"loc":{"start":{"line":172,"column":12},"end":{"line":174,"column":13}},"type":"if","locations":[{"start":{"line":172,"column":12},"end":{"line":174,"column":13}},{"start":{},"end":{}}],"line":172},"36":{"loc":{"start":{"line":196,"column":59},"end":{"line":196,"column":112}},"type":"binary-expr","locations":[{"start":{"line":196,"column":59},"end":{"line":196,"column":82}},{"start":{"line":196,"column":86},"end":{"line":196,"column":112}}],"line":196},"37":{"loc":{"start":{"line":197,"column":63},"end":{"line":197,"column":116}},"type":"binary-expr","locations":[{"start":{"line":197,"column":63},"end":{"line":197,"column":86}},{"start":{"line":197,"column":90},"end":{"line":197,"column":116}}],"line":197},"38":{"loc":{"start":{"line":200,"column":16},"end":{"line":204,"column":17}},"type":"if","locations":[{"start":{"line":200,"column":16},"end":{"line":204,"column":17}},{"start":{"line":202,"column":22},"end":{"line":204,"column":17}}],"line":200},"39":{"loc":{"start":{"line":202,"column":22},"end":{"line":204,"column":17}},"type":"if","locations":[{"start":{"line":202,"column":22},"end":{"line":204,"column":17}},{"start":{},"end":{}}],"line":202},"40":{"loc":{"start":{"line":214,"column":8},"end":{"line":214,"column":51}},"type":"if","locations":[{"start":{"line":214,"column":8},"end":{"line":214,"column":51}},{"start":{},"end":{}}],"line":214},"41":{"loc":{"start":{"line":220,"column":12},"end":{"line":222,"column":13}},"type":"if","locations":[{"start":{"line":220,"column":12},"end":{"line":222,"column":13}},{"start":{},"end":{}}],"line":220},"42":{"loc":{"start":{"line":228,"column":8},"end":{"line":233,"column":9}},"type":"if","locations":[{"start":{"line":228,"column":8},"end":{"line":233,"column":9}},{"start":{"line":231,"column":13},"end":{"line":233,"column":9}}],"line":228}},"s":{"0":319,"1":319,"2":1704,"3":1704,"4":1704,"5":1704,"6":888,"7":888,"8":71,"9":888,"10":888,"11":888,"12":25,"13":25,"14":25,"15":25,"16":25,"17":25,"18":25,"19":22,"20":728,"21":2,"22":0,"23":2,"24":0,"25":2,"26":0,"27":0,"28":2,"29":2,"30":0,"31":2,"32":2,"33":64,"34":64,"35":2,"36":2,"37":2,"38":2,"39":2,"40":64,"41":64,"42":64,"43":0,"44":2,"45":0,"46":2,"47":71,"48":71,"49":71,"50":71,"51":57,"52":57,"53":1824,"54":57,"55":71,"56":56,"57":71,"58":71,"59":71,"60":71,"61":2400,"62":63,"63":71,"64":58,"65":71,"66":71,"67":49,"68":49,"69":1568,"70":49,"71":71,"72":49,"73":71,"74":71,"75":71,"76":71,"77":2400,"78":55,"79":71,"80":49,"81":71,"82":7,"83":7,"84":224,"85":130,"86":7,"87":4,"88":4,"89":4,"90":160,"91":160,"92":160,"93":2,"94":4,"95":20,"96":20,"97":21,"98":21,"99":21,"100":21,"101":21,"102":21,"103":94,"104":94,"105":696,"106":3812,"107":696,"108":256,"109":696,"110":696,"111":112,"112":584,"113":8,"114":696,"115":21,"116":21,"117":41,"118":36,"119":5,"120":5,"121":5,"122":1,"123":1,"124":5,"125":3,"126":1,"127":2,"128":3,"129":3,"130":3,"131":3},"f":{"0":319,"1":1704,"2":888,"3":71,"4":888,"5":25,"6":22,"7":728,"8":2,"9":2,"10":64,"11":2,"12":64,"13":71,"14":1824,"15":2400,"16":1568,"17":2400,"18":7,"19":224,"20":4,"21":20,"22":21,"23":3812,"24":256,"25":41,"26":1,"27":3,"28":3},"b":{"0":[1704,696],"1":[1704,1704],"2":[0,2],"3":[0,2],"4":[0,2],"5":[0,2],"6":[64,0],"7":[64,64],"8":[2,62],"9":[64,0],"10":[64,64],"11":[0,64],"12":[64,64],"13":[0,2],"14":[57,14],"15":[57,1767],"16":[1824,456],"17":[56,15],"18":[71,56],"19":[71,0],"20":[63,2337],"21":[2400,568],"22":[58,13],"23":[71,58],"24":[49,22],"25":[49,1519],"26":[1568,392],"27":[49,22],"28":[71,49],"29":[71,0],"30":[55,2345],"31":[2400,440],"32":[49,22],"33":[71,49],"34":[130,94],"35":[2,158],"36":[3812,733],"37":[256,64],"38":[112,584],"39":[8,576],"40":[36,5],"41":[1,0],"42":[1,2]},"_coverageSchema":"1a1c01bbd47fc00a2c39e90264f33305004495a9","hash":"9715dad8ad449910a42a4d14c6d6877f5230c00f"}
}
