TN:
SF:src\App.js
FN:15,App
FN:22,(anonymous_1)
FN:26,(anonymous_2)
FN:31,(anonymous_3)
FN:36,(anonymous_4)
FN:51,(anonymous_5)
FN:70,(anonymous_6)
FN:71,(anonymous_7)
FN:72,(anonymous_8)
FN:74,(anonymous_9)
FN:75,(anonymous_10)
FN:76,(anonymous_11)
FN:77,(anonymous_12)
FN:79,(anonymous_13)
FNF:14
FNH:9
FNDA:10,App
FNDA:10,(anonymous_1)
FNDA:1,(anonymous_2)
FNDA:0,(anonymous_3)
FNDA:3,(anonymous_4)
FNDA:1,(anonymous_5)
FNDA:1,(anonymous_6)
FNDA:1,(anonymous_7)
FNDA:1,(anonymous_8)
FNDA:0,(anonymous_9)
FNDA:0,(anonymous_10)
FNDA:0,(anonymous_11)
FNDA:0,(anonymous_12)
FNDA:1,(anonymous_13)
DA:9,1
DA:10,1
DA:11,1
DA:13,1
DA:17,10
DA:19,10
DA:20,10
DA:22,10
DA:23,10
DA:26,10
DA:27,1
DA:28,1
DA:31,10
DA:32,0
DA:33,0
DA:36,10
DA:37,3
DA:38,1
DA:40,2
DA:41,1
DA:43,1
DA:44,1
DA:47,3
DA:48,3
DA:51,10
DA:52,1
DA:53,1
DA:56,10
DA:70,1
DA:71,1
DA:72,1
DA:74,0
DA:75,0
DA:76,0
DA:77,0
DA:79,1
LF:36
LH:30
BRDA:37,0,0,1
BRDA:37,0,1,2
BRDA:40,1,0,1
BRDA:40,1,1,1
BRDA:43,2,0,1
BRDA:43,2,1,0
BRDA:83,3,0,0
BRDA:83,3,1,10
BRF:8
BRH:6
end_of_record
TN:
SF:src\Layout.js
FNF:0
FNH:0
DA:1,1
LF:1
LH:1
BRF:0
BRH:0
end_of_record
TN:
SF:src\boundary\Boundary.js
FN:5,(anonymous_0)
FN:12,(anonymous_1)
FN:17,computeRectangle
FN:22,drawPuzzle
FN:27,(anonymous_4)
FN:47,redrawCanvas
FNF:6
FNH:6
FNDA:329,(anonymous_0)
FNDA:1,(anonymous_1)
FNDA:329,computeRectangle
FNDA:10,drawPuzzle
FNDA:328,(anonymous_4)
FNDA:10,redrawCanvas
DA:1,1
DA:2,1
DA:6,329
DA:7,329
DA:8,329
DA:9,329
DA:13,1
DA:18,329
DA:24,10
DA:25,10
DA:27,10
DA:28,328
DA:30,328
DA:31,1
DA:33,327
DA:36,328
DA:37,328
DA:39,328
DA:40,0
DA:41,0
DA:42,0
DA:49,10
DA:50,10
DA:52,10
DA:53,10
LF:25
LH:22
BRDA:13,0,0,1
BRDA:13,0,1,1
BRDA:13,0,2,1
BRDA:13,0,3,1
BRDA:30,1,0,1
BRDA:30,1,1,327
BRDA:39,2,0,0
BRDA:39,2,1,328
BRDA:39,3,0,328
BRDA:39,3,1,51
BRDA:52,4,0,10
BRDA:52,4,1,0
BRF:12
BRH:10
end_of_record
TN:
SF:src\controller\Controllers.js
FN:4,selectConfig
FN:8,selectSquare
FN:11,(anonymous_2)
FN:29,extendColor
FN:47,resetPuzzle
FNF:5
FNH:5
FNDA:4,selectConfig
FNDA:1,selectSquare
FNDA:1,(anonymous_2)
FNDA:1,extendColor
FNDA:2,resetPuzzle
DA:5,4
DA:9,1
DA:11,1
DA:12,1
DA:13,1
DA:16,1
DA:17,1
DA:18,1
DA:21,1
DA:22,1
DA:23,1
DA:25,0
DA:30,1
DA:31,1
DA:33,1
DA:35,1
DA:36,2
DA:37,0
DA:38,0
DA:39,0
DA:42,1
DA:43,1
DA:44,1
DA:48,2
LF:24
LH:20
BRDA:17,0,0,1
BRDA:17,0,1,0
BRDA:21,1,0,1
BRDA:21,1,1,0
BRDA:21,2,0,1
BRDA:21,2,1,1
BRDA:31,3,0,0
BRDA:31,3,1,1
BRDA:36,4,0,0
BRDA:36,4,1,2
BRDA:36,5,0,2
BRDA:36,5,1,2
BRF:12
BRH:8
end_of_record
TN:
SF:src\model\Configurations.js
FNF:0
FNH:0
DA:1,1
DA:16,1
DA:35,1
LF:3
LH:3
BRF:0
BRH:0
end_of_record
TN:
SF:src\model\Model.js
FN:2,(anonymous_0)
FN:9,(anonymous_1)
FN:16,(anonymous_2)
FN:21,(anonymous_3)
FN:25,(anonymous_4)
FN:33,(anonymous_5)
FN:43,(anonymous_6)
FN:44,(anonymous_7)
FN:47,(anonymous_8)
FN:55,(anonymous_9)
FN:59,(anonymous_10)
FN:69,(anonymous_11)
FN:73,(anonymous_12)
FN:91,(anonymous_13)
FN:99,(anonymous_14)
FN:113,(anonymous_15)
FN:127,(anonymous_16)
FN:141,(anonymous_17)
FN:156,(anonymous_18)
FN:158,(anonymous_19)
FN:166,(anonymous_20)
FN:181,(anonymous_21)
FN:186,(anonymous_22)
FN:196,(anonymous_23)
FN:197,(anonymous_24)
FN:213,(anonymous_25)
FN:219,(anonymous_26)
FN:227,(anonymous_27)
FN:236,(anonymous_28)
FNF:29
FNH:29
FNDA:319,(anonymous_0)
FNDA:1704,(anonymous_1)
FNDA:888,(anonymous_2)
FNDA:71,(anonymous_3)
FNDA:888,(anonymous_4)
FNDA:25,(anonymous_5)
FNDA:22,(anonymous_6)
FNDA:728,(anonymous_7)
FNDA:2,(anonymous_8)
FNDA:2,(anonymous_9)
FNDA:64,(anonymous_10)
FNDA:2,(anonymous_11)
FNDA:64,(anonymous_12)
FNDA:71,(anonymous_13)
FNDA:1824,(anonymous_14)
FNDA:2400,(anonymous_15)
FNDA:1568,(anonymous_16)
FNDA:2400,(anonymous_17)
FNDA:7,(anonymous_18)
FNDA:224,(anonymous_19)
FNDA:4,(anonymous_20)
FNDA:20,(anonymous_21)
FNDA:21,(anonymous_22)
FNDA:3812,(anonymous_23)
FNDA:256,(anonymous_24)
FNDA:41,(anonymous_25)
FNDA:1,(anonymous_26)
FNDA:3,(anonymous_27)
FNDA:3,(anonymous_28)
DA:3,319
DA:4,319
DA:10,1704
DA:11,1704
DA:12,1704
DA:13,1704
DA:17,888
DA:18,888
DA:22,71
DA:26,888
DA:27,888
DA:28,888
DA:34,25
DA:35,25
DA:36,25
DA:37,25
DA:38,25
DA:39,25
DA:40,25
DA:44,728
DA:48,2
DA:49,2
DA:50,2
DA:52,2
DA:56,2
DA:58,2
DA:59,2
DA:60,64
DA:61,64
DA:62,2
DA:68,2
DA:69,2
DA:70,2
DA:73,2
DA:74,64
DA:76,64
DA:78,64
DA:79,0
DA:86,2
DA:88,2
DA:92,71
DA:93,71
DA:94,71
DA:97,71
DA:98,57
DA:99,57
DA:100,1824
DA:101,57
DA:106,71
DA:107,56
DA:110,71
DA:111,71
DA:112,71
DA:113,71
DA:114,2400
DA:115,63
DA:120,71
DA:121,58
DA:124,71
DA:125,71
DA:126,49
DA:127,49
DA:128,1568
DA:129,49
DA:134,71
DA:135,49
DA:138,71
DA:139,71
DA:140,71
DA:141,71
DA:142,2400
DA:143,55
DA:148,71
DA:149,49
DA:153,71
DA:157,7
DA:158,7
DA:159,224
DA:160,130
DA:163,7
DA:167,4
DA:168,4
DA:169,4
DA:170,160
DA:171,160
DA:172,160
DA:173,2
DA:176,4
DA:182,20
DA:183,20
DA:187,21
DA:188,21
DA:189,21
DA:191,21
DA:193,21
DA:194,94
DA:196,3812
DA:197,696
DA:199,696
DA:200,696
DA:201,112
DA:202,584
DA:203,8
DA:205,696
DA:209,21
DA:210,21
DA:214,41
DA:216,5
DA:217,5
DA:219,5
DA:220,1
DA:221,1
DA:224,5
DA:228,3
DA:229,1
DA:232,2
DA:237,3
DA:238,3
DA:239,3
DA:240,3
LF:120
LH:119
BRDA:12,0,0,1704
BRDA:12,0,1,696
BRDA:13,1,0,1704
BRDA:13,1,1,1704
BRDA:48,2,0,0
BRDA:48,2,1,2
BRDA:49,3,0,0
BRDA:49,3,1,2
BRDA:50,4,0,0
BRDA:50,4,1,2
BRDA:56,5,0,0
BRDA:56,5,1,2
BRDA:60,6,0,64
BRDA:60,6,1,0
BRDA:60,7,0,64
BRDA:60,7,1,64
BRDA:61,8,0,2
BRDA:61,8,1,62
BRDA:74,9,0,64
BRDA:74,9,1,0
BRDA:74,10,0,64
BRDA:74,10,1,64
BRDA:78,11,0,0
BRDA:78,11,1,64
BRDA:78,12,0,64
BRDA:78,12,1,64
BRDA:86,13,0,0
BRDA:86,13,1,2
BRDA:97,14,0,57
BRDA:97,14,1,14
BRDA:100,15,0,57
BRDA:100,15,1,1767
BRDA:100,16,0,1824
BRDA:100,16,1,456
BRDA:106,17,0,56
BRDA:106,17,1,15
BRDA:106,18,0,71
BRDA:106,18,1,56
BRDA:111,19,0,71
BRDA:111,19,1,0
BRDA:114,20,0,63
BRDA:114,20,1,2337
BRDA:114,21,0,2400
BRDA:114,21,1,568
BRDA:120,22,0,58
BRDA:120,22,1,13
BRDA:120,23,0,71
BRDA:120,23,1,58
BRDA:125,24,0,49
BRDA:125,24,1,22
BRDA:128,25,0,49
BRDA:128,25,1,1519
BRDA:128,26,0,1568
BRDA:128,26,1,392
BRDA:134,27,0,49
BRDA:134,27,1,22
BRDA:134,28,0,71
BRDA:134,28,1,49
BRDA:139,29,0,71
BRDA:139,29,1,0
BRDA:142,30,0,55
BRDA:142,30,1,2345
BRDA:142,31,0,2400
BRDA:142,31,1,440
BRDA:148,32,0,49
BRDA:148,32,1,22
BRDA:148,33,0,71
BRDA:148,33,1,49
BRDA:159,34,0,130
BRDA:159,34,1,94
BRDA:172,35,0,2
BRDA:172,35,1,158
BRDA:196,36,0,3812
BRDA:196,36,1,733
BRDA:197,37,0,256
BRDA:197,37,1,64
BRDA:200,38,0,112
BRDA:200,38,1,584
BRDA:202,39,0,8
BRDA:202,39,1,576
BRDA:214,40,0,36
BRDA:214,40,1,5
BRDA:220,41,0,1
BRDA:220,41,1,0
BRDA:228,42,0,1
BRDA:228,42,1,2
BRF:86
BRH:75
end_of_record
